{"E:\\ProjectNode\\crawler\\app.js": {"path":"E:\\ProjectNode\\crawler\\app.js","statementMap":{"0":{"start":{"line":1,"column":12},"end":{"line":1,"column":26}},"1":{"start":{"line":2,"column":12},"end":{"line":2,"column":27}},"2":{"start":{"line":3,"column":14},"end":{"line":3,"column":30}},"3":{"start":{"line":4,"column":16},"end":{"line":4,"column":34}},"4":{"start":{"line":5,"column":15},"end":{"line":5,"column":36}},"5":{"start":{"line":7,"column":12},"end":{"line":7,"column":21}},"6":{"start":{"line":8,"column":15},"end":{"line":8,"column":27}},"7":{"start":{"line":10,"column":0},"end":{"line":13,"column":2}},"8":{"start":{"line":11,"column":4},"end":{"line":11,"column":16}},"9":{"start":{"line":12,"column":4},"end":{"line":12,"column":56}},"10":{"start":{"line":15,"column":0},"end":{"line":17,"column":2}},"11":{"start":{"line":16,"column":4},"end":{"line":16,"column":26}},"12":{"start":{"line":20,"column":0},"end":{"line":34,"column":2}},"13":{"start":{"line":21,"column":4},"end":{"line":32,"column":6}},"14":{"start":{"line":22,"column":16},"end":{"line":22,"column":38}},"15":{"start":{"line":23,"column":8},"end":{"line":23,"column":18}},"16":{"start":{"line":24,"column":8},"end":{"line":29,"column":10}},"17":{"start":{"line":25,"column":26},"end":{"line":25,"column":81}},"18":{"start":{"line":26,"column":27},"end":{"line":26,"column":84}},"19":{"start":{"line":27,"column":28},"end":{"line":27,"column":71}},"20":{"start":{"line":28,"column":12},"end":{"line":28,"column":56}},"21":{"start":{"line":31,"column":8},"end":{"line":31,"column":36}},"22":{"start":{"line":33,"column":4},"end":{"line":33,"column":20}},"23":{"start":{"line":36,"column":14},"end":{"line":36,"column":36}},"24":{"start":{"line":38,"column":12},"end":{"line":49,"column":1}},"25":{"start":{"line":39,"column":4},"end":{"line":48,"column":6}},"26":{"start":{"line":40,"column":16},"end":{"line":40,"column":38}},"27":{"start":{"line":41,"column":8},"end":{"line":41,"column":22}},"28":{"start":{"line":42,"column":8},"end":{"line":46,"column":10}},"29":{"start":{"line":43,"column":12},"end":{"line":43,"column":37}},"30":{"start":{"line":43,"column":29},"end":{"line":43,"column":35}},"31":{"start":{"line":44,"column":26},"end":{"line":44,"column":64}},"32":{"start":{"line":45,"column":12},"end":{"line":45,"column":34}},"33":{"start":{"line":47,"column":8},"end":{"line":47,"column":23}},"34":{"start":{"line":50,"column":0},"end":{"line":68,"column":2}},"35":{"start":{"line":51,"column":4},"end":{"line":65,"column":6}},"36":{"start":{"line":52,"column":16},"end":{"line":52,"column":38}},"37":{"start":{"line":53,"column":8},"end":{"line":53,"column":19}},"38":{"start":{"line":54,"column":8},"end":{"line":57,"column":10}},"39":{"start":{"line":55,"column":23},"end":{"line":55,"column":87}},"40":{"start":{"line":56,"column":12},"end":{"line":56,"column":28}},"41":{"start":{"line":58,"column":8},"end":{"line":58,"column":20}},"42":{"start":{"line":60,"column":8},"end":{"line":62,"column":11}},"43":{"start":{"line":61,"column":12},"end":{"line":61,"column":41}},"44":{"start":{"line":64,"column":8},"end":{"line":64,"column":36}},"45":{"start":{"line":66,"column":4},"end":{"line":66,"column":25}},"46":{"start":{"line":67,"column":4},"end":{"line":67,"column":23}},"47":{"start":{"line":70,"column":18},"end":{"line":78,"column":1}},"48":{"start":{"line":71,"column":4},"end":{"line":71,"column":29}},"49":{"start":{"line":71,"column":18},"end":{"line":71,"column":27}},"50":{"start":{"line":72,"column":4},"end":{"line":72,"column":29}},"51":{"start":{"line":72,"column":18},"end":{"line":72,"column":27}},"52":{"start":{"line":73,"column":4},"end":{"line":73,"column":52}},"53":{"start":{"line":73,"column":16},"end":{"line":73,"column":51}},"54":{"start":{"line":74,"column":4},"end":{"line":74,"column":54}},"55":{"start":{"line":74,"column":17},"end":{"line":74,"column":53}},"56":{"start":{"line":75,"column":4},"end":{"line":75,"column":71}},"57":{"start":{"line":75,"column":31},"end":{"line":75,"column":70}},"58":{"start":{"line":77,"column":4},"end":{"line":77,"column":43}},"59":{"start":{"line":79,"column":0},"end":{"line":81,"column":2}},"60":{"start":{"line":80,"column":4},"end":{"line":80,"column":47}},"61":{"start":{"line":83,"column":0},"end":{"line":83,"column":53}},"62":{"start":{"line":87,"column":0},"end":{"line":89,"column":1}}},"fnMap":{"0":{"name":"(anonymous_0)","decl":{"start":{"line":10,"column":8},"end":{"line":10,"column":9}},"loc":{"start":{"line":10,"column":29},"end":{"line":13,"column":1}},"line":10},"1":{"name":"(anonymous_1)","decl":{"start":{"line":15,"column":16},"end":{"line":15,"column":17}},"loc":{"start":{"line":15,"column":37},"end":{"line":17,"column":1}},"line":15},"2":{"name":"(anonymous_2)","decl":{"start":{"line":20,"column":23},"end":{"line":20,"column":24}},"loc":{"start":{"line":20,"column":44},"end":{"line":34,"column":1}},"line":20},"3":{"name":"(anonymous_3)","decl":{"start":{"line":21,"column":43},"end":{"line":21,"column":44}},"loc":{"start":{"line":21,"column":52},"end":{"line":30,"column":5}},"line":21},"4":{"name":"(anonymous_4)","decl":{"start":{"line":24,"column":36},"end":{"line":24,"column":37}},"loc":{"start":{"line":24,"column":59},"end":{"line":29,"column":9}},"line":24},"5":{"name":"(anonymous_5)","decl":{"start":{"line":30,"column":13},"end":{"line":30,"column":14}},"loc":{"start":{"line":30,"column":22},"end":{"line":32,"column":5}},"line":30},"6":{"name":"(anonymous_6)","decl":{"start":{"line":38,"column":12},"end":{"line":38,"column":13}},"loc":{"start":{"line":38,"column":21},"end":{"line":49,"column":1}},"line":38},"7":{"name":"(anonymous_7)","decl":{"start":{"line":39,"column":24},"end":{"line":39,"column":25}},"loc":{"start":{"line":39,"column":31},"end":{"line":48,"column":5}},"line":39},"8":{"name":"(anonymous_8)","decl":{"start":{"line":42,"column":30},"end":{"line":42,"column":31}},"loc":{"start":{"line":42,"column":51},"end":{"line":46,"column":9}},"line":42},"9":{"name":"(anonymous_9)","decl":{"start":{"line":50,"column":28},"end":{"line":50,"column":29}},"loc":{"start":{"line":50,"column":49},"end":{"line":68,"column":1}},"line":50},"10":{"name":"(anonymous_10)","decl":{"start":{"line":51,"column":28},"end":{"line":51,"column":29}},"loc":{"start":{"line":51,"column":35},"end":{"line":59,"column":5}},"line":51},"11":{"name":"(anonymous_11)","decl":{"start":{"line":54,"column":36},"end":{"line":54,"column":37}},"loc":{"start":{"line":54,"column":59},"end":{"line":57,"column":9}},"line":54},"12":{"name":"(anonymous_12)","decl":{"start":{"line":59,"column":12},"end":{"line":59,"column":13}},"loc":{"start":{"line":59,"column":23},"end":{"line":63,"column":5}},"line":59},"13":{"name":"(anonymous_13)","decl":{"start":{"line":60,"column":89},"end":{"line":60,"column":90}},"loc":{"start":{"line":60,"column":98},"end":{"line":62,"column":9}},"line":60},"14":{"name":"(anonymous_14)","decl":{"start":{"line":63,"column":13},"end":{"line":63,"column":14}},"loc":{"start":{"line":63,"column":20},"end":{"line":65,"column":5}},"line":63},"15":{"name":"(anonymous_15)","decl":{"start":{"line":70,"column":18},"end":{"line":70,"column":19}},"loc":{"start":{"line":70,"column":25},"end":{"line":78,"column":1}},"line":70},"16":{"name":"(anonymous_16)","decl":{"start":{"line":79,"column":25},"end":{"line":79,"column":26}},"loc":{"start":{"line":79,"column":46},"end":{"line":81,"column":1}},"line":79}},"branchMap":{"0":{"loc":{"start":{"line":12,"column":4},"end":{"line":12,"column":56}},"type":"binary-expr","locations":[{"start":{"line":12,"column":4},"end":{"line":12,"column":21}},{"start":{"line":12,"column":26},"end":{"line":12,"column":55}}],"line":12},"1":{"loc":{"start":{"line":43,"column":12},"end":{"line":43,"column":37}},"type":"if","locations":[{"start":{"line":43,"column":12},"end":{"line":43,"column":37}},{"start":{"line":43,"column":12},"end":{"line":43,"column":37}}],"line":43},"2":{"loc":{"start":{"line":71,"column":4},"end":{"line":71,"column":29}},"type":"if","locations":[{"start":{"line":71,"column":4},"end":{"line":71,"column":29}},{"start":{"line":71,"column":4},"end":{"line":71,"column":29}}],"line":71},"3":{"loc":{"start":{"line":72,"column":4},"end":{"line":72,"column":29}},"type":"if","locations":[{"start":{"line":72,"column":4},"end":{"line":72,"column":29}},{"start":{"line":72,"column":4},"end":{"line":72,"column":29}}],"line":72},"4":{"loc":{"start":{"line":73,"column":4},"end":{"line":73,"column":52}},"type":"if","locations":[{"start":{"line":73,"column":4},"end":{"line":73,"column":52}},{"start":{"line":73,"column":4},"end":{"line":73,"column":52}}],"line":73},"5":{"loc":{"start":{"line":74,"column":4},"end":{"line":74,"column":54}},"type":"if","locations":[{"start":{"line":74,"column":4},"end":{"line":74,"column":54}},{"start":{"line":74,"column":4},"end":{"line":74,"column":54}}],"line":74},"6":{"loc":{"start":{"line":75,"column":4},"end":{"line":75,"column":71}},"type":"if","locations":[{"start":{"line":75,"column":4},"end":{"line":75,"column":71}},{"start":{"line":75,"column":4},"end":{"line":75,"column":71}}],"line":75}},"s":{"0":1,"1":1,"2":1,"3":1,"4":1,"5":1,"6":1,"7":1,"8":0,"9":0,"10":1,"11":0,"12":1,"13":0,"14":0,"15":0,"16":0,"17":0,"18":0,"19":0,"20":0,"21":0,"22":0,"23":1,"24":1,"25":0,"26":0,"27":0,"28":0,"29":0,"30":0,"31":0,"32":0,"33":0,"34":1,"35":0,"36":0,"37":0,"38":0,"39":0,"40":0,"41":0,"42":0,"43":0,"44":0,"45":0,"46":0,"47":1,"48":182,"49":35,"50":147,"51":56,"52":91,"53":1,"54":90,"55":1,"56":89,"57":1,"58":88,"59":1,"60":0,"61":1,"62":1},"f":{"0":0,"1":0,"2":0,"3":0,"4":0,"5":0,"6":0,"7":0,"8":0,"9":0,"10":0,"11":0,"12":0,"13":0,"14":0,"15":182,"16":0},"b":{"0":[0,0],"1":[0,0],"2":[35,147],"3":[56,91],"4":[1,90],"5":[1,89],"6":[1,88]},"_coverageSchema":"43e27e138ebf9cfc5966b082cf9a028302ed4184","hash":"72cd4119136643c91e281e5cf01c35ebcd41132b"}
}
